<?xml version="1.0" encoding="UTF-8"?>
<!-- Generated by org.testng.reporters.JUnitXMLReporter -->
<testsuite ignored="8" hostname="hp" failures="5" tests="13" name="Test" time="71.983" errors="0" timestamp="2023-05-13T19:08:54 IST">
  <testcase classname="test.SearchTest" name="verifyTitle" time="0.031"/>
  <testcase classname="test.SearchTest" name="searchProducts" time="0.013">
    <failure type="java.io.FileNotFoundException" message="C:\Users\intel\eclipse-workspace\LivingLiquidz1\ApiExcellSheet.xlsx (The system cannot find the file specified)">
      <![CDATA[java.io.FileNotFoundException: C:\Users\intel\eclipse-workspace\LivingLiquidz1\ApiExcellSheet.xlsx (The system cannot find the file specified)
at java.base/java.io.FileInputStream.open0(Native Method)
at java.base/java.io.FileInputStream.open(FileInputStream.java:216)
at java.base/java.io.FileInputStream.<init>(FileInputStream.java:157)
at utility.Excel_Reader.readData(Excel_Reader.java:27)
at test.SearchTest.searchProducts(SearchTest.java:27)
at java.base/java.util.ArrayList.forEach(ArrayList.java:1511)
... Removed 27 stack frames]]>
    </failure>
  </testcase> <!-- searchProducts -->
  <testcase classname="test.SearchTest" name="valiidateSearchResults" time="60.332">
    <failure type="org.openqa.selenium.TimeoutException" message="Expected condition failed: waiting for visibility of all elements located by By.xpath: //*[@class=&amp;apos;typeahead__list&amp;apos;]//span//*[@class=&amp;apos;title&amp;apos;] (tried for 60 second(s) with 500 milliseconds interval)
Build info: version: &amp;apos;4.8.3&amp;apos;, revision: &amp;apos;e5e76298c3&amp;apos;
System info: os.name: &amp;apos;Windows 11&amp;apos;, os.arch: &amp;apos;amd64&amp;apos;, os.version: &amp;apos;10.0&amp;apos;, java.version: &amp;apos;17.0.5&amp;apos;
Driver info: org.openqa.selenium.chrome.ChromeDriver
Capabilities {acceptInsecureCerts: false, browserName: chrome, browserVersion: 113.0.5672.93, chrome: {chromedriverVersion: 113.0.5672.63 (0e1a4471d5ae..., userDataDir: C:\Users\intel\AppData\Loca...}, goog:chromeOptions: {debuggerAddress: localhost:50079}, networkConnectionEnabled: false, pageLoadStrategy: normal, platformName: WINDOWS, proxy: Proxy(), se:cdp: ws://localhost:50079/devtoo..., se:cdpVersion: 113.0.5672.93, setWindowRect: true, strictFileInteractability: false, timeouts: {implicit: 0, pageLoad: 300000, script: 30000}, unhandledPromptBehavior: dismiss and notify, webauthn:extension:credBlob: true, webauthn:extension:largeBlob: true, webauthn:extension:minPinLength: true, webauthn:extension:prf: true, webauthn:virtualAuthenticators: true}
Session ID: 05162261d01f8530b8e2894b3eba1bb7">
      <![CDATA[org.openqa.selenium.TimeoutException: Expected condition failed: waiting for visibility of all elements located by By.xpath: //*[@class='typeahead__list']//span//*[@class='title'] (tried for 60 second(s) with 500 milliseconds interval)
Build info: version: '4.8.3', revision: 'e5e76298c3'
System info: os.name: 'Windows 11', os.arch: 'amd64', os.version: '10.0', java.version: '17.0.5'
Driver info: org.openqa.selenium.chrome.ChromeDriver
Capabilities {acceptInsecureCerts: false, browserName: chrome, browserVersion: 113.0.5672.93, chrome: {chromedriverVersion: 113.0.5672.63 (0e1a4471d5ae..., userDataDir: C:\Users\intel\AppData\Loca...}, goog:chromeOptions: {debuggerAddress: localhost:50079}, networkConnectionEnabled: false, pageLoadStrategy: normal, platformName: WINDOWS, proxy: Proxy(), se:cdp: ws://localhost:50079/devtoo..., se:cdpVersion: 113.0.5672.93, setWindowRect: true, strictFileInteractability: false, timeouts: {implicit: 0, pageLoad: 300000, script: 30000}, unhandledPromptBehavior: dismiss and notify, webauthn:extension:credBlob: true, webauthn:extension:largeBlob: true, webauthn:extension:minPinLength: true, webauthn:extension:prf: true, webauthn:virtualAuthenticators: true}
Session ID: 05162261d01f8530b8e2894b3eba1bb7
at org.openqa.selenium.support.ui.WebDriverWait.timeoutException(WebDriverWait.java:87)
at org.openqa.selenium.support.ui.FluentWait.until(FluentWait.java:231)
at pagess.Search.getSearchresults(Search.java:47)
at test.SearchTest.valiidateSearchResults(SearchTest.java:33)
at java.base/java.util.ArrayList.forEach(ArrayList.java:1511)
... Removed 27 stack frames]]>
    </failure>
  </testcase> <!-- valiidateSearchResults -->
  <testcase classname="test.SpiritTest" name="selectProduct" time="3.135"/>
  <testcase classname="test.SpiritTest" name="SortByHighPrice" time="0.001">
    <failure type="java.io.FileNotFoundException" message="C:\Users\intel\eclipse-workspace\LivingLiquidz1\ApiExcellSheet.xlsx (The system cannot find the file specified)">
      <![CDATA[java.io.FileNotFoundException: C:\Users\intel\eclipse-workspace\LivingLiquidz1\ApiExcellSheet.xlsx (The system cannot find the file specified)
at java.base/java.io.FileInputStream.open0(Native Method)
at java.base/java.io.FileInputStream.open(FileInputStream.java:216)
at java.base/java.io.FileInputStream.<init>(FileInputStream.java:157)
at utility.Excel_Reader.readData(Excel_Reader.java:27)
at test.SpiritTest.SortByHighPrice(SpiritTest.java:25)
at java.base/java.util.ArrayList.forEach(ArrayList.java:1511)
... Removed 27 stack frames]]>
    </failure>
  </testcase> <!-- SortByHighPrice -->
  <testcase classname="test.SpiritTest" name="SortByAlphabates" time="0.006">
    <failure type="java.io.FileNotFoundException" message="C:\Users\intel\eclipse-workspace\LivingLiquidz1\ApiExcellSheet.xlsx (The system cannot find the file specified)">
      <![CDATA[java.io.FileNotFoundException: C:\Users\intel\eclipse-workspace\LivingLiquidz1\ApiExcellSheet.xlsx (The system cannot find the file specified)
at java.base/java.io.FileInputStream.open0(Native Method)
at java.base/java.io.FileInputStream.open(FileInputStream.java:216)
at java.base/java.io.FileInputStream.<init>(FileInputStream.java:157)
at utility.Excel_Reader.readData(Excel_Reader.java:27)
at test.SpiritTest.SortByAlphabates(SpiritTest.java:33)
at java.base/java.util.ArrayList.forEach(ArrayList.java:1511)
... Removed 27 stack frames]]>
    </failure>
  </testcase> <!-- SortByAlphabates -->
  <testcase classname="test.SpiritTest" name="verifyurlofpage" time="0.018">
    <failure type="java.lang.AssertionError" message="expected [null] but found [https://livingliquidz.com/products/single-malts/malt-whiskey/396]">
      <![CDATA[java.lang.AssertionError: expected [null] but found [https://livingliquidz.com/products/single-malts/malt-whiskey/396]
at test.SpiritTest.verifyurlofpage(SpiritTest.java:40)
at java.base/java.util.ArrayList.forEach(ArrayList.java:1511)
... Removed 33 stack frames]]>
    </failure>
  </testcase> <!-- verifyurlofpage -->
  <testcase classname="test.AddToCartTest" name="SelectItem" time="4.54"/>
  <testcase classname="test.AddToCartTest" name="VerifyAddtoCart" time="0.084"/>
  <testcase classname="test.AddToCartTest" name="SearchOnCartPage" time="0.13"/>
  <testcase classname="test.BeerTest" name="BeerSearchTest" time="1.524"/>
  <testcase classname="test.BeerTest" name="ApplyTest" time="0.62"/>
  <testcase classname="test.BeerTest" name="MainSearch" time="0.097"/>
  <testcase classname="test.BaseTest" name="@BeforeSuite initBrowser" time="0.0">
    <ignored/>
  </testcase> <!-- @BeforeSuite initBrowser -->
  <testcase classname="test.BaseTest" name="@AfterSuite tearDown" time="0.0">
    <ignored/>
  </testcase> <!-- @AfterSuite tearDown -->
  <testcase classname="test.BaseTest" name="@AfterSuite tearDown" time="0.0">
    <ignored/>
  </testcase> <!-- @AfterSuite tearDown -->
  <testcase classname="test.BaseTest" name="@BeforeSuite initBrowser" time="0.0">
    <ignored/>
  </testcase> <!-- @BeforeSuite initBrowser -->
  <testcase classname="test.BaseTest" name="@AfterSuite tearDown" time="0.0">
    <ignored/>
  </testcase> <!-- @AfterSuite tearDown -->
  <testcase classname="test.BaseTest" name="@AfterSuite tearDown" time="0.0">
    <ignored/>
  </testcase> <!-- @AfterSuite tearDown -->
  <testcase classname="test.BaseTest" name="@BeforeSuite initBrowser" time="0.0">
    <ignored/>
  </testcase> <!-- @BeforeSuite initBrowser -->
  <testcase classname="test.BaseTest" name="@BeforeSuite initBrowser" time="0.0">
    <ignored/>
  </testcase> <!-- @BeforeSuite initBrowser -->
</testsuite> <!-- Test -->
